TN:
SF:src\app.js
FN:16,calculateTax
FN:47,(anonymous_1)
FN:51,(anonymous_2)
FN:79,(anonymous_3)
FN:97,(anonymous_4)
FN:103,(anonymous_5)
FNF:6
FNH:5
FNDA:7,calculateTax
FNDA:1,(anonymous_1)
FNDA:2,(anonymous_2)
FNDA:2,(anonymous_3)
FNDA:1,(anonymous_4)
FNDA:0,(anonymous_5)
DA:1,1
DA:2,1
DA:3,1
DA:5,1
DA:6,1
DA:9,1
DA:10,1
DA:11,1
DA:12,1
DA:13,1
DA:17,7
DA:20,5
DA:32,5
DA:33,5
DA:35,5
DA:36,20
DA:38,16
DA:39,16
DA:40,16
DA:43,5
DA:47,1
DA:48,1
DA:51,1
DA:52,2
DA:53,2
DA:55,2
DA:56,1
DA:62,1
DA:63,1
DA:64,1
DA:66,1
DA:79,1
DA:80,2
DA:81,2
DA:83,2
DA:84,1
DA:87,1
DA:88,1
DA:97,1
DA:98,1
DA:102,1
DA:103,0
DA:104,0
DA:108,1
LF:44
LH:42
BRDA:6,0,0,1
BRDA:6,0,1,1
BRDA:16,1,0,5
BRDA:17,2,0,2
BRDA:17,2,1,5
BRDA:36,3,0,4
BRDA:36,3,1,16
BRDA:55,4,0,1
BRDA:55,4,1,1
BRDA:55,5,0,2
BRDA:55,5,1,1
BRDA:64,6,0,1
BRDA:64,6,1,0
BRDA:81,7,0,2
BRDA:81,7,1,2
BRDA:83,8,0,1
BRDA:83,8,1,1
BRDA:83,9,0,2
BRDA:83,9,1,1
BRDA:92,10,0,1
BRDA:92,10,1,0
BRDA:102,11,0,0
BRDA:102,11,1,1
BRF:23
BRH:20
end_of_record
